<?xml version="1.0" encoding="utf-8"?><testsuites name="pytest tests"><testsuite name="pytest" errors="0" failures="0" skipped="0" tests="20" time="0.977" timestamp="2026-01-11T14:54:48.434214+00:00" hostname="agent-env-96fbeff4-7c6c-4c65-8828-cfa10fd5960f"><testcase classname="tests.test_nego_api.TestHealthEndpoint" name="test_health_returns_healthy" time="0.064" /><testcase classname="tests.test_nego_api.TestTalentsEndpoint" name="test_get_talents_returns_list" time="0.035" /><testcase classname="tests.test_nego_api.TestTalentsEndpoint" name="test_get_talents_returns_8_seeded_talents" time="0.035" /><testcase classname="tests.test_nego_api.TestTalentsEndpoint" name="test_talents_have_location_data" time="0.039" /><testcase classname="tests.test_nego_api.TestTalentsEndpoint" name="test_talents_have_required_fields" time="0.034" /><testcase classname="tests.test_nego_api.TestTalentsEndpoint" name="test_get_single_talent" time="0.038" /><testcase classname="tests.test_nego_api.TestTalentsEndpoint" name="test_get_nonexistent_talent_returns_404" time="0.037" /><testcase classname="tests.test_nego_api.TestContentEndpoint" name="test_get_content_returns_list" time="0.042" /><testcase classname="tests.test_nego_api.TestContentEndpoint" name="test_get_content_returns_3_items" time="0.041" /><testcase classname="tests.test_nego_api.TestContentEndpoint" name="test_content_items_are_locked" time="0.038" /><testcase classname="tests.test_nego_api.TestContentEndpoint" name="test_content_has_required_fields" time="0.033" /><testcase classname="tests.test_nego_api.TestAuthEndpoints" name="test_register_new_user" time="0.034" /><testcase classname="tests.test_nego_api.TestAuthEndpoints" name="test_register_duplicate_email_fails" time="0.037" /><testcase classname="tests.test_nego_api.TestAuthEndpoints" name="test_login_valid_credentials" time="0.041" /><testcase classname="tests.test_nego_api.TestAuthEndpoints" name="test_login_invalid_credentials" time="0.035" /><testcase classname="tests.test_nego_api.TestAuthEndpoints" name="test_login_nonexistent_user" time="0.037" /><testcase classname="tests.test_nego_api.TestAuthEndpoints" name="test_get_me_with_valid_token" time="0.110" /><testcase classname="tests.test_nego_api.TestAuthEndpoints" name="test_get_me_without_token_fails" time="0.032" /><testcase classname="tests.test_nego_api.TestAuthEndpoints" name="test_get_me_with_invalid_token_fails" time="0.034" /><testcase classname="tests.test_nego_api.TestAPIRoot" name="test_api_root_returns_welcome" time="0.034" /></testsuite></testsuites>