<?xml version="1.0" encoding="utf-8"?><testsuites name="pytest tests"><testsuite name="pytest" errors="0" failures="0" skipped="0" tests="19" time="1.080" timestamp="2026-01-14T14:47:50.058072+00:00" hostname="agent-env-bbe6beb1-b41e-43d0-acdd-d14754c61dac"><testcase classname="tests.test_nego_edge_apis.TestCloudinarySignatureAPI" name="test_signature_returns_valid_response" time="0.011" /><testcase classname="tests.test_nego_edge_apis.TestCloudinarySignatureAPI" name="test_signature_with_video_resource_type" time="0.007" /><testcase classname="tests.test_nego_edge_apis.TestCloudinarySignatureAPI" name="test_signature_with_custom_folder" time="0.006" /><testcase classname="tests.test_nego_edge_apis.TestCloudinarySignatureAPI" name="test_signature_with_nested_folder" time="0.006" /><testcase classname="tests.test_nego_edge_apis.TestCloudinarySignatureAPI" name="test_signature_invalid_resource_type_returns_400" time="0.006" /><testcase classname="tests.test_nego_edge_apis.TestCloudinarySignatureAPI" name="test_signature_invalid_folder_returns_400" time="0.006" /><testcase classname="tests.test_nego_edge_apis.TestCloudinarySignatureAPI" name="test_signature_allowed_folders" time="0.032" /><testcase classname="tests.test_nego_edge_apis.TestGiftsAPI" name="test_gifts_missing_fields_returns_400" time="0.007" /><testcase classname="tests.test_nego_edge_apis.TestGiftsAPI" name="test_gifts_invalid_uuid_returns_400" time="0.008" /><testcase classname="tests.test_nego_edge_apis.TestGiftsAPI" name="test_gifts_amount_below_minimum_returns_400" time="0.007" /><testcase classname="tests.test_nego_edge_apis.TestGiftsAPI" name="test_gifts_self_gifting_returns_400" time="0.007" /><testcase classname="tests.test_nego_edge_apis.TestGiftsAPI" name="test_gifts_nonexistent_sender_returns_404" time="0.462" /><testcase classname="tests.test_nego_edge_apis.TestMediaUnlockAPI" name="test_unlock_missing_fields_returns_400" time="0.007" /><testcase classname="tests.test_nego_edge_apis.TestMediaUnlockAPI" name="test_unlock_invalid_uuid_returns_400" time="0.006" /><testcase classname="tests.test_nego_edge_apis.TestMediaUnlockAPI" name="test_unlock_nonexistent_user_returns_error" time="0.223" /><testcase classname="tests.test_nego_edge_apis.TestMediaUnlockAPI" name="test_unlock_valid_uuid_format_accepted" time="0.186" /><testcase classname="tests.test_nego_edge_apis.TestAPIEdgeRuntime" name="test_cloudinary_signature_no_server_error" time="0.005" /><testcase classname="tests.test_nego_edge_apis.TestAPIEdgeRuntime" name="test_gifts_api_no_server_error" time="0.006" /><testcase classname="tests.test_nego_edge_apis.TestAPIEdgeRuntime" name="test_media_unlock_api_no_server_error" time="0.006" /></testsuite></testsuites>