<?xml version="1.0" encoding="utf-8"?><testsuites name="pytest tests"><testsuite name="pytest" errors="0" failures="0" skipped="0" tests="21" time="4.935" timestamp="2026-01-14T17:56:05.184265+00:00" hostname="agent-env-d8b5abca-c2f5-4836-9a1d-8d63e26a506a"><testcase classname="tests.test_gift_api.TestGiftAPIValidation" name="test_missing_sender_id" time="0.010" /><testcase classname="tests.test_gift_api.TestGiftAPIValidation" name="test_missing_recipient_id" time="0.008" /><testcase classname="tests.test_gift_api.TestGiftAPIValidation" name="test_missing_amount" time="0.007" /><testcase classname="tests.test_gift_api.TestGiftAPIValidation" name="test_invalid_sender_uuid_format" time="0.006" /><testcase classname="tests.test_gift_api.TestGiftAPIValidation" name="test_invalid_recipient_uuid_format" time="0.006" /><testcase classname="tests.test_gift_api.TestGiftAPIValidation" name="test_amount_below_minimum" time="0.006" /><testcase classname="tests.test_gift_api.TestGiftAPIValidation" name="test_amount_above_maximum" time="0.006" /><testcase classname="tests.test_gift_api.TestGiftAPIValidation" name="test_self_gifting_prevention" time="0.007" /><testcase classname="tests.test_gift_api.TestGiftAPIValidation" name="test_valid_request_with_message" time="0.991" /><testcase classname="tests.test_gift_api.TestGiftAPIValidation" name="test_invalid_json_body" time="0.007" /><testcase classname="tests.test_gift_api.TestGiftAPIHTTPMethods" name="test_get_method_not_allowed" time="0.020" /><testcase classname="tests.test_gift_api.TestGiftAPIHTTPMethods" name="test_put_method_not_allowed" time="0.008" /><testcase classname="tests.test_gift_api.TestGiftAPIHTTPMethods" name="test_delete_method_not_allowed" time="0.007" /><testcase classname="tests.test_gift_api.TestGiftAPIEdgeCases" name="test_amount_at_minimum_boundary" time="0.786" /><testcase classname="tests.test_gift_api.TestGiftAPIEdgeCases" name="test_amount_at_maximum_boundary" time="0.731" /><testcase classname="tests.test_gift_api.TestGiftAPIEdgeCases" name="test_amount_just_below_minimum" time="0.006" /><testcase classname="tests.test_gift_api.TestGiftAPIEdgeCases" name="test_amount_just_above_maximum" time="0.006" /><testcase classname="tests.test_gift_api.TestGiftAPIEdgeCases" name="test_uuid_with_uppercase" time="0.678" /><testcase classname="tests.test_gift_api.TestGiftAPIEdgeCases" name="test_empty_message_allowed" time="0.716" /><testcase classname="tests.test_gift_api.TestGiftAPIEdgeCases" name="test_null_message_allowed" time="0.750" /><testcase classname="tests.test_gift_api.TestGiftAPIEdgeCases" name="test_no_pattern_error_in_any_response" time="0.025" /></testsuite></testsuites>